#
# There is insufficient memory for the Java Runtime Environment to continue.
# Native memory allocation (malloc) failed to allocate 120586240 bytes for committing reserved memory.
# Possible reasons:
#   The system is out of physical RAM or swap space
#   In 32 bit mode, the process size limit was hit
# Possible solutions:
#   Reduce memory load on the system
#   Increase physical memory or swap space
#   Check if swap backing store is full
#   Use 64 bit Java on a 64 bit OS
#   Decrease Java heap size (-Xmx/-Xms)
#   Decrease number of Java threads
#   Decrease Java thread stack sizes (-Xss)
#   Set larger code cache with -XX:ReservedCodeCacheSize=
# This output file may be truncated or incomplete.
#
#  Out of Memory Error (os_linux.cpp:2769), pid=22339, tid=140132785129216
#
# JRE version: OpenJDK Runtime Environment (7.0_55-b14) (build 1.7.0_55-b14)
# Java VM: OpenJDK 64-Bit Server VM (24.51-b03 mixed mode linux-amd64 compressed oops)
# Failed to write core dump. Core dumps have been disabled. To enable core dumping, try "ulimit -c unlimited" before starting Java again
#

---------------  T H R E A D  ---------------

Current thread (0x00007f734813d800):  VMThread [stack: 0x00007f7334d10000,0x00007f7334e11000] [id=22347]

Stack: [0x00007f7334d10000,0x00007f7334e11000],  sp=0x00007f7334e0f480,  free space=1021k
Native frames: (J=compiled Java code, j=interpreted, Vv=VM code, C=native code)
V  [libjvm.so+0x917b35]  VMError::report_and_die()+0x175
V  [libjvm.so+0x468144]  report_vm_out_of_memory(char const*, int, unsigned long, char const*)+0x74
V  [libjvm.so+0x79a81b]  os::pd_commit_memory(char*, unsigned long, unsigned long, bool)+0x20b
V  [libjvm.so+0x7950df]  os::commit_memory(char*, unsigned long, unsigned long, bool)+0x1f
V  [libjvm.so+0x8053cb]  PSVirtualSpace::expand_by(unsigned long)+0x5b
V  [libjvm.so+0x806220]  PSYoungGen::resize_generation(unsigned long, unsigned long)+0xb0
V  [libjvm.so+0x80690b]  PSYoungGen::resize(unsigned long, unsigned long)+0x1b
V  [libjvm.so+0x802bff]  PSScavenge::invoke_no_policy()+0xd6f
V  [libjvm.so+0x8033c8]  PSScavenge::invoke()+0x38
V  [libjvm.so+0x7b9b33]  ParallelScavengeHeap::failed_mem_allocate(unsigned long)+0x63
V  [libjvm.so+0x919544]  VM_ParallelGCFailedAllocation::doit()+0x84
V  [libjvm.so+0x91d9e7]  VM_Operation::evaluate()+0x47
V  [libjvm.so+0x91c3b8]  VMThread::evaluate_operation(VM_Operation*)+0x318
V  [libjvm.so+0x91c819]  VMThread::loop()+0x219
V  [libjvm.so+0x91cc62]  VMThread::run()+0x72
V  [libjvm.so+0x7974e2]  java_start(Thread*)+0xf2

VM_Operation (0x00007f734f435cd0): ParallelGCFailedAllocation, mode: safepoint, requested by thread 0x00007f734800b000


---------------  P R O C E S S  ---------------

Java Threads: ( => current thread )
  0x00007f73484fb800 JavaThread "Service Thread" daemon [_thread_blocked, id=22353, stack(0x00007f732257f000,0x00007f7322680000)]
  0x00007f7348603000 JavaThread "C2 CompilerThread1" daemon [_thread_blocked, id=22352, stack(0x00007f7322680000,0x00007f7322781000)]
  0x00007f7348605800 JavaThread "C2 CompilerThread0" daemon [_thread_blocked, id=22351, stack(0x00007f7322781000,0x00007f7322882000)]
  0x00007f7348168000 JavaThread "Signal Dispatcher" daemon [_thread_blocked, id=22350, stack(0x00007f73341bb000,0x00007f73342bc000)]
  0x00007f7348144000 JavaThread "Finalizer" daemon [_thread_blocked, id=22349, stack(0x00007f7334b0e000,0x00007f7334c0f000)]
  0x00007f7348142000 JavaThread "Reference Handler" daemon [_thread_blocked, id=22348, stack(0x00007f7334c0f000,0x00007f7334d10000)]
  0x00007f734800b000 JavaThread "main" [_thread_blocked, id=22342, stack(0x00007f734f33b000,0x00007f734f43c000)]

Other Threads:
=>0x00007f734813d800 VMThread [stack: 0x00007f7334d10000,0x00007f7334e11000] [id=22347]
  0x00007f734852e800 WatcherThread [stack: 0x00007f732247e000,0x00007f732257f000] [id=22354]

VM state:at safepoint (normal execution)

VM Mutex/Monitor currently owned by a thread:  ([mutex/lock_event])
[0x00007f7348007850] Threads_lock - owner thread: 0x00007f734813d800
[0x00007f7348007d50] Heap_lock - owner thread: 0x00007f734800b000

Heap
 PSYoungGen      total 129024K, used 8360K [0x00000000ec300000, 0x00000000f4e00000, 0x0000000100000000)
  eden space 119296K, 0% used [0x00000000ec300000,0x00000000ec300000,0x00000000f3780000)
  from space 9728K, 85% used [0x00000000f3780000,0x00000000f3faa3c8,0x00000000f4100000)
  to   space 6144K, 0% used [0x00000000f4100000,0x00000000f4100000,0x00000000f4700000)
 ParOldGen       total 40448K, used 9981K [0x00000000c4a00000, 0x00000000c7180000, 0x00000000ec300000)
  object space 40448K, 24% used [0x00000000c4a00000,0x00000000c53bf550,0x00000000c7180000)
 PSPermGen       total 23040K, used 22982K [0x00000000ba400000, 0x00000000bba80000, 0x00000000c4a00000)
  object space 23040K, 99% used [0x00000000ba400000,0x00000000bba718a0,0x00000000bba80000)

Card table byte_map: [0x00007f73449bc000,0x00007f7344beb000] byte_map_base: 0x00007f73443ea000

Polling page: 0x00007f734f458000

Code Cache  [0x00007f7344beb000, 0x00007f7344e5b000, 0x00007f7347beb000)
 total_blobs=917 nmethods=569 adapters=301 free_code_cache=47073Kb largest_free_block=48166912

Compilation events (10 events):
Event: 7,135 Thread 0x00007f7348603000  594             com.hp.hpl.jena.mem.ArrayBunch::contains (55 bytes)
Event: 7,137 Thread 0x00007f7348603000 nmethod 594 0x00007f7344df3bd0 code [0x00007f7344df3d20, 0x00007f7344df3e88]
Event: 7,137 Thread 0x00007f7348603000  595             com.hp.hpl.jena.mem.NodeToTriplesMapMem::add (161 bytes)
Event: 7,138 Thread 0x00007f7348605800 nmethod 589 0x00007f7344df5650 code [0x00007f7344df58e0, 0x00007f7344df6490]
Event: 7,139 Thread 0x00007f7348605800  596             com.hp.hpl.jena.mem.NodeToTriplesMapBase::getIndexField (20 bytes)
Event: 7,139 Thread 0x00007f7348605800 nmethod 596 0x00007f7344df5310 code [0x00007f7344df5460, 0x00007f7344df54f8]
Event: 7,139 Thread 0x00007f7348605800  597             com.hp.hpl.jena.graph.Triple$Field$3::$jacocoInit (51 bytes)
Event: 7,140 Thread 0x00007f7348605800 nmethod 597 0x00007f7344df39d0 code [0x00007f7344df3b00, 0x00007f7344df3b58]
Event: 7,141 Thread 0x00007f7348605800  599             com.hp.hpl.jena.sparql.engine.iterator.QueryIteratorBase::$jacocoInit (52 bytes)
Event: 7,142 Thread 0x00007f7348605800 nmethod 599 0x00007f7344df37d0 code [0x00007f7344df3900, 0x00007f7344df3958]

GC Heap History (10 events):
Event: 1,686 GC heap after
Heap after GC invocations=2 (full 0):
 PSYoungGen      total 33280K, used 1907K [0x00000000ec300000, 0x00000000ee600000, 0x0000000100000000)
  eden space 30720K, 0% used [0x00000000ec300000,0x00000000ec300000,0x00000000ee100000)
  from space 2560K, 74% used [0x00000000ee380000,0x00000000ee55cfa8,0x00000000ee600000)
  to   space 2560K, 0% used [0x00000000ee100000,0x00000000ee100000,0x00000000ee380000)
 ParOldGen       total 40448K, used 16K [0x00000000c4a00000, 0x00000000c7180000, 0x00000000ec300000)
  object space 40448K, 0% used [0x00000000c4a00000,0x00000000c4a04000,0x00000000c7180000)
 PSPermGen       total 21504K, used 7285K [0x00000000ba400000, 0x00000000bb900000, 0x00000000c4a00000)
  object space 21504K, 33% used [0x00000000ba400000,0x00000000bab1d4b0,0x00000000bb900000)
}
Event: 2,732 GC heap before
{Heap before GC invocations=3 (full 0):
 PSYoungGen      total 33280K, used 32627K [0x00000000ec300000, 0x00000000ee600000, 0x0000000100000000)
  eden space 30720K, 100% used [0x00000000ec300000,0x00000000ee100000,0x00000000ee100000)
  from space 2560K, 74% used [0x00000000ee380000,0x00000000ee55cfa8,0x00000000ee600000)
  to   space 2560K, 0% used [0x00000000ee100000,0x00000000ee100000,0x00000000ee380000)
 ParOldGen       total 40448K, used 16K [0x00000000c4a00000, 0x00000000c7180000, 0x00000000ec300000)
  object space 40448K, 0% used [0x00000000c4a00000,0x00000000c4a04000,0x00000000c7180000)
 PSPermGen       total 21504K, used 9115K [0x00000000ba400000, 0x00000000bb900000, 0x00000000c4a00000)
  object space 21504K, 42% used [0x00000000ba400000,0x00000000bace6ce8,0x00000000bb900000)
Event: 2,743 GC heap after
Heap after GC invocations=3 (full 0):
 PSYoungGen      total 33280K, used 2536K [0x00000000ec300000, 0x00000000f0400000, 0x0000000100000000)
  eden space 30720K, 0% used [0x00000000ec300000,0x00000000ec300000,0x00000000ee100000)
  from space 2560K, 99% used [0x00000000ee100000,0x00000000ee37a290,0x00000000ee380000)
  to   space 2560K, 0% used [0x00000000f0180000,0x00000000f0180000,0x00000000f0400000)
 ParOldGen       total 40448K, used 207K [0x00000000c4a00000, 0x00000000c7180000, 0x00000000ec300000)
  object space 40448K, 0% used [0x00000000c4a00000,0x00000000c4a33d40,0x00000000c7180000)
 PSPermGen       total 21504K, used 9115K [0x00000000ba400000, 0x00000000bb900000, 0x00000000c4a00000)
  object space 21504K, 42% used [0x00000000ba400000,0x00000000bace6ce8,0x00000000bb900000)
}
Event: 3,547 GC heap before
{Heap before GC invocations=4 (full 0):
 PSYoungGen      total 33280K, used 33256K [0x00000000ec300000, 0x00000000f0400000, 0x0000000100000000)
  eden space 30720K, 100% used [0x00000000ec300000,0x00000000ee100000,0x00000000ee100000)
  from space 2560K, 99% used [0x00000000ee100000,0x00000000ee37a290,0x00000000ee380000)
  to   space 2560K, 0% used [0x00000000f0180000,0x00000000f0180000,0x00000000f0400000)
 ParOldGen       total 40448K, used 207K [0x00000000c4a00000, 0x00000000c7180000, 0x00000000ec300000)
  object space 40448K, 0% used [0x00000000c4a00000,0x00000000c4a33d40,0x00000000c7180000)
 PSPermGen       total 21504K, used 10987K [0x00000000ba400000, 0x00000000bb900000, 0x00000000c4a00000)
  object space 21504K, 51% used [0x00000000ba400000,0x00000000baebad88,0x00000000bb900000)
Event: 3,583 GC heap after
Heap after GC invocations=4 (full 0):
 PSYoungGen      total 64000K, used 2554K [0x00000000ec300000, 0x00000000f0400000, 0x0000000100000000)
  eden space 61440K, 0% used [0x00000000ec300000,0x00000000ec300000,0x00000000eff00000)
  from space 2560K, 99% used [0x00000000f0180000,0x00000000f03fe8f8,0x00000000f0400000)
  to   space 2560K, 0% used [0x00000000eff00000,0x00000000eff00000,0x00000000f0180000)
 ParOldGen       total 40448K, used 783K [0x00000000c4a00000, 0x00000000c7180000, 0x00000000ec300000)
  object space 40448K, 1% used [0x00000000c4a00000,0x00000000c4ac3c70,0x00000000c7180000)
 PSPermGen       total 21504K, used 10987K [0x00000000ba400000, 0x00000000bb900000, 0x00000000c4a00000)
  object space 21504K, 51% used [0x00000000ba400000,0x00000000baebad88,0x00000000bb900000)
}
Event: 4,692 GC heap before
{Heap before GC invocations=5 (full 0):
 PSYoungGen      total 64000K, used 63994K [0x00000000ec300000, 0x00000000f0400000, 0x0000000100000000)
  eden space 61440K, 100% used [0x00000000ec300000,0x00000000eff00000,0x00000000eff00000)
  from space 2560K, 99% used [0x00000000f0180000,0x00000000f03fe8f8,0x00000000f0400000)
  to   space 2560K, 0% used [0x00000000eff00000,0x00000000eff00000,0x00000000f0180000)
 ParOldGen       total 40448K, used 783K [0x00000000c4a00000, 0x00000000c7180000, 0x00000000ec300000)
  object space 40448K, 1% used [0x00000000c4a00000,0x00000000c4ac3c70,0x00000000c7180000)
 PSPermGen       total 21504K, used 14188K [0x00000000ba400000, 0x00000000bb900000, 0x00000000c4a00000)
  object space 21504K, 65% used [0x00000000ba400000,0x00000000bb1db290,0x00000000bb900000)
Event: 4,704 GC heap after
Heap after GC invocations=5 (full 0):
 PSYoungGen      total 64000K, used 2554K [0x00000000ec300000, 0x00000000f4700000, 0x0000000100000000)
  eden space 61440K, 0% used [0x00000000ec300000,0x00000000ec300000,0x00000000eff00000)
  from space 2560K, 99% used [0x00000000eff00000,0x00000000f017eb68,0x00000000f0180000)
  to   space 6144K, 0% used [0x00000000f4100000,0x00000000f4100000,0x00000000f4700000)
 ParOldGen       total 40448K, used 4687K [0x00000000c4a00000, 0x00000000c7180000, 0x00000000ec300000)
  object space 40448K, 11% used [0x00000000c4a00000,0x00000000c4e93e18,0x00000000c7180000)
 PSPermGen       total 21504K, used 14188K [0x00000000ba400000, 0x00000000bb900000, 0x00000000c4a00000)
  object space 21504K, 65% used [0x00000000ba400000,0x00000000bb1db290,0x00000000bb900000)
}
Event: 5,499 GC heap before
{Heap before GC invocations=6 (full 0):
 PSYoungGen      total 64000K, used 63994K [0x00000000ec300000, 0x00000000f4700000, 0x0000000100000000)
  eden space 61440K, 100% used [0x00000000ec300000,0x00000000eff00000,0x00000000eff00000)
  from space 2560K, 99% used [0x00000000eff00000,0x00000000f017eb68,0x00000000f0180000)
  to   space 6144K, 0% used [0x00000000f4100000,0x00000000f4100000,0x00000000f4700000)
 ParOldGen       total 40448K, used 4687K [0x00000000c4a00000, 0x00000000c7180000, 0x00000000ec300000)
  object space 40448K, 11% used [0x00000000c4a00000,0x00000000c4e93e18,0x00000000c7180000)
 PSPermGen       total 21504K, used 17881K [0x00000000ba400000, 0x00000000bb900000, 0x00000000c4a00000)
  object space 21504K, 83% used [0x00000000ba400000,0x00000000bb576710,0x00000000bb900000)
Event: 5,517 GC heap after
Heap after GC invocations=6 (full 0):
 PSYoungGen      total 125440K, used 6136K [0x00000000ec300000, 0x00000000f4e00000, 0x0000000100000000)
  eden space 119296K, 0% used [0x00000000ec300000,0x00000000ec300000,0x00000000f3780000)
  from space 6144K, 99% used [0x00000000f4100000,0x00000000f46fe0d0,0x00000000f4700000)
  to   space 9728K, 0% used [0x00000000f3780000,0x00000000f3780000,0x00000000f4100000)
 ParOldGen       total 40448K, used 8875K [0x00000000c4a00000, 0x00000000c7180000, 0x00000000ec300000)
  object space 40448K, 21% used [0x00000000c4a00000,0x00000000c52aaeb8,0x00000000c7180000)
 PSPermGen       total 21504K, used 17881K [0x00000000ba400000, 0x00000000bb900000, 0x00000000c4a00000)
  object space 21504K, 83% used [0x00000000ba400000,0x00000000bb576710,0x00000000bb900000)
}
Event: 7,158 GC heap before
{Heap before GC invocations=7 (full 0):
 PSYoungGen      total 125440K, used 125432K [0x00000000ec300000, 0x00000000f4e00000, 0x0000000100000000)
  eden space 119296K, 100% used [0x00000000ec300000,0x00000000f3780000,0x00000000f3780000)
  from space 6144K, 99% used [0x00000000f4100000,0x00000000f46fe0d0,0x00000000f4700000)
  to   space 9728K, 0% used [0x00000000f3780000,0x00000000f3780000,0x00000000f4100000)
 ParOldGen       total 40448K, used 8875K [0x00000000c4a00000, 0x00000000c7180000, 0x00000000ec300000)
  object space 40448K, 21% used [0x00000000c4a00000,0x00000000c52aaeb8,0x00000000c7180000)
 PSPermGen       total 23040K, used 22982K [0x00000000ba400000, 0x00000000bba80000, 0x00000000c4a00000)
  object space 23040K, 99% used [0x00000000ba400000,0x00000000bba718a0,0x00000000bba80000)

Deoptimization events (10 events):
Event: 5,496 Thread 0x00007f734800b000 Uncommon trap: reason=class_check action=maybe_recompile pc=0x00007f7344daa80c method=java.io.DataInputStream.readInt()I @ 4
Event: 5,496 Thread 0x00007f734800b000 Uncommon trap: reason=class_check action=maybe_recompile pc=0x00007f7344daa80c method=java.io.DataInputStream.readInt()I @ 4
Event: 5,496 Thread 0x00007f734800b000 Uncommon trap: reason=class_check action=maybe_recompile pc=0x00007f7344daa80c method=java.io.DataInputStream.readInt()I @ 4
Event: 5,726 Thread 0x00007f734800b000 Uncommon trap: reason=unreached action=reinterpret pc=0x00007f7344c9da84 method=org.jacoco.agent.rt.internal_932a715.asm.ClassWriter.toByteArray()[B @ 355
Event: 5,762 Thread 0x00007f734800b000 Uncommon trap: reason=bimorphic action=maybe_recompile pc=0x00007f7344cd6140 method=java.util.regex.Pattern$Curly.match0(Ljava/util/regex/Matcher;IILjava/lang/CharSequence;)Z @ 170
Event: 5,771 Thread 0x00007f734800b000 Uncommon trap: reason=unreached action=reinterpret pc=0x00007f7344c66b38 method=java.util.HashMap.getEntry(Ljava/lang/Object;)Ljava/util/HashMap$Entry; @ 10
Event: 5,860 Thread 0x00007f734800b000 Uncommon trap: reason=unreached action=reinterpret pc=0x00007f7344d1ced4 method=org.jacoco.agent.rt.internal_932a715.asm.tree.MethodNode.accept(Lorg/jacoco/agent/rt/internal_932a715/asm/MethodVisitor;)V @ 67
Event: 5,860 Thread 0x00007f734800b000 Uncommon trap: reason=unreached action=reinterpret pc=0x00007f7344c83124 method=org.jacoco.agent.rt.internal_932a715.asm.MethodWriter.getSize()I @ 501
Event: 5,860 Thread 0x00007f734800b000 Uncommon trap: reason=unreached action=reinterpret pc=0x00007f7344da33ec method=org.jacoco.agent.rt.internal_932a715.asm.MethodWriter.put(Lorg/jacoco/agent/rt/internal_932a715/asm/ByteVector;)V @ 177
Event: 6,718 Thread 0x00007f734800b000 Uncommon trap: reason=unreached action=reinterpret pc=0x00007f7344d58b08 method=com.hp.hpl.jena.graph.Triple.nullToAny(Lcom/hp/hpl/jena/graph/Node;)Lcom/hp/hpl/jena/graph/Node; @ 5

Internal exceptions (10 events):
Event: 6,976 Thread 0x00007f734800b000 Threw 0x00000000f34d6ef8 at /build/buildd/openjdk-7-7u55-2.4.7/build/openjdk/hotspot/src/share/vm/prims/jvm.cpp:1244
Event: 6,977 Thread 0x00007f734800b000 Threw 0x00000000f34e2208 at /build/buildd/openjdk-7-7u55-2.4.7/build/openjdk/hotspot/src/share/vm/prims/jvm.cpp:1244
Event: 6,977 Thread 0x00007f734800b000 Threw 0x00000000f34ed4b8 at /build/buildd/openjdk-7-7u55-2.4.7/build/openjdk/hotspot/src/share/vm/prims/jvm.cpp:1244
Event: 6,978 Thread 0x00007f734800b000 Threw 0x00000000f34f8770 at /build/buildd/openjdk-7-7u55-2.4.7/build/openjdk/hotspot/src/share/vm/prims/jvm.cpp:1244
Event: 6,979 Thread 0x00007f734800b000 Threw 0x00000000f3503a40 at /build/buildd/openjdk-7-7u55-2.4.7/build/openjdk/hotspot/src/share/vm/prims/jvm.cpp:1244
Event: 6,980 Thread 0x00007f734800b000 Threw 0x00000000f3510558 at /build/buildd/openjdk-7-7u55-2.4.7/build/openjdk/hotspot/src/share/vm/prims/jvm.cpp:1244
Event: 6,980 Thread 0x00007f734800b000 Threw 0x00000000f351b340 at /build/buildd/openjdk-7-7u55-2.4.7/build/openjdk/hotspot/src/share/vm/prims/jvm.cpp:1244
Event: 6,981 Thread 0x00007f734800b000 Threw 0x00000000f3526130 at /build/buildd/openjdk-7-7u55-2.4.7/build/openjdk/hotspot/src/share/vm/prims/jvm.cpp:1244
Event: 6,981 Thread 0x00007f734800b000 Threw 0x00000000f3531320 at /build/buildd/openjdk-7-7u55-2.4.7/build/openjdk/hotspot/src/share/vm/prims/jvm.cpp:1244
Event: 7,157 Thread 0x00007f734800b000 Threw 0x00000000f376d4b0 at /build/buildd/openjdk-7-7u55-2.4.7/build/openjdk/hotspot/src/share/vm/prims/jvm.cpp:1244

Events (10 events):
Event: 6,981 loading class 0x00007f73488c5720 done
Event: 6,987 loading class 0x00007f734845cf50
Event: 6,988 loading class 0x00007f734845cf50 done
Event: 6,988 loading class 0x00007f734845d040
Event: 6,988 loading class 0x00007f734845d1a0
Event: 6,989 loading class 0x00007f734845d1a0 done
Event: 6,989 loading class 0x00007f734845d040 done
Event: 7,156 loading class 0x00007f73489c8790
Event: 7,157 loading class 0x00007f73489c8790 done
Event: 7,158 Executing VM operation: ParallelGCFailedAllocation


Dynamic libraries:
00400000-00401000 r-xp 00000000 08:03 275061                             /usr/lib/jvm/java-7-openjdk-amd64/jre/bin/java
00600000-00601000 r--p 00000000 08:03 275061                             /usr/lib/jvm/java-7-openjdk-amd64/jre/bin/java
00601000-00602000 rw-p 00001000 08:03 275061                             /usr/lib/jvm/java-7-openjdk-amd64/jre/bin/java
01c84000-01ca5000 rw-p 00000000 00:00 0                                  [heap]
ba400000-bba80000 rw-p 00000000 00:00 0 
bba80000-c4a00000 rw-p 00000000 00:00 0 
c4a00000-c7180000 rw-p 00000000 00:00 0 
c7180000-ec300000 rw-p 00000000 00:00 0 
ec300000-f4e00000 rw-p 00000000 00:00 0 
fc100000-100000000 rw-p 00000000 00:00 0 
7f7307800000-7f7308000000 rw-s 00000000 08:03 940867                     /home/vju/workspace/FITeagle/core/repo/repodb/OSP.idn
7f7308000000-7f7308021000 rw-p 00000000 00:00 0 
7f7308021000-7f730c000000 ---p 00000000 00:00 0 
7f730c000000-7f730c800000 rw-s 00000000 08:03 940865                     /home/vju/workspace/FITeagle/core/repo/repodb/POS.idn
7f730c800000-7f730d000000 rw-s 00000000 08:03 940863                     /home/vju/workspace/FITeagle/core/repo/repodb/SPO.idn
7f730d000000-7f730d800000 rw-s 00000000 08:03 940861                     /home/vju/workspace/FITeagle/core/repo/repodb/node2id.dat
7f730d800000-7f730e000000 rw-s 00000000 08:03 940860                     /home/vju/workspace/FITeagle/core/repo/repodb/node2id.idn
7f730e000000-7f730e800000 rw-s 00000000 08:03 940884                     /home/vju/workspace/FITeagle/core/repo/repodb/prefix2id.dat
7f730e800000-7f730f000000 rw-s 00000000 08:03 940883                     /home/vju/workspace/FITeagle/core/repo/repodb/prefix2id.idn
7f730f000000-7f730f800000 rw-s 00800000 08:03 940868                     /home/vju/workspace/FITeagle/core/repo/repodb/OSP.dat
7f730f800000-7f7310000000 rw-s 00000000 08:03 940868                     /home/vju/workspace/FITeagle/core/repo/repodb/OSP.dat
7f7310000000-7f73110c7000 rw-p 00000000 00:00 0 
7f73110c7000-7f7314000000 ---p 00000000 00:00 0 
7f7314000000-7f7314021000 rw-p 00000000 00:00 0 
7f7314021000-7f7318000000 ---p 00000000 00:00 0 
7f7318000000-7f731968d000 rw-p 00000000 00:00 0 
7f731968d000-7f731c000000 ---p 00000000 00:00 0 
7f731c000000-7f731c021000 rw-p 00000000 00:00 0 
7f731c021000-7f7320000000 ---p 00000000 00:00 0 
7f732047e000-7f7320c7e000 rw-s 00800000 08:03 940866                     /home/vju/workspace/FITeagle/core/repo/repodb/POS.dat
7f7320c7e000-7f732147e000 rw-s 00000000 08:03 940866                     /home/vju/workspace/FITeagle/core/repo/repodb/POS.dat
7f732147e000-7f7321c7e000 rw-s 00800000 08:03 940864                     /home/vju/workspace/FITeagle/core/repo/repodb/SPO.dat
7f7321c7e000-7f732247e000 rw-s 00000000 08:03 940864                     /home/vju/workspace/FITeagle/core/repo/repodb/SPO.dat
7f732247e000-7f732247f000 ---p 00000000 00:00 0 
7f732247f000-7f732257f000 rw-p 00000000 00:00 0                          [stack:22354]
7f732257f000-7f7322582000 ---p 00000000 00:00 0 
7f7322582000-7f7322680000 rw-p 00000000 00:00 0                          [stack:22353]
7f7322680000-7f7322683000 ---p 00000000 00:00 0 
7f7322683000-7f7322781000 rw-p 00000000 00:00 0                          [stack:22352]
7f7322781000-7f7322784000 ---p 00000000 00:00 0 
7f7322784000-7f7322882000 rw-p 00000000 00:00 0                          [stack:22351]
7f7322882000-7f7322892000 r-xp 00000000 08:03 275139                     /usr/lib/jvm/java-7-openjdk-amd64/jre/lib/amd64/libnio.so
7f7322892000-7f7322a92000 ---p 00010000 08:03 275139                     /usr/lib/jvm/java-7-openjdk-amd64/jre/lib/amd64/libnio.so
7f7322a92000-7f7322a93000 r--p 00010000 08:03 275139                     /usr/lib/jvm/java-7-openjdk-amd64/jre/lib/amd64/libnio.so
7f7322a93000-7f7322a94000 rw-p 00011000 08:03 275139                     /usr/lib/jvm/java-7-openjdk-amd64/jre/lib/amd64/libnio.so
7f7322a94000-7f7322ad1000 r-xp 00000000 08:03 923805                     /lib/x86_64-linux-gnu/libpcre.so.3.13.1
7f7322ad1000-7f7322cd0000 ---p 0003d000 08:03 923805                     /lib/x86_64-linux-gnu/libpcre.so.3.13.1
7f7322cd0000-7f7322cd1000 r--p 0003c000 08:03 923805                     /lib/x86_64-linux-gnu/libpcre.so.3.13.1
7f7322cd1000-7f7322cd2000 rw-p 0003d000 08:03 923805                     /lib/x86_64-linux-gnu/libpcre.so.3.13.1
7f7322cd2000-7f7322cd9000 r-xp 00000000 08:03 273479                     /usr/lib/x86_64-linux-gnu/libffi.so.6.0.1
7f7322cd9000-7f7322ed8000 ---p 00007000 08:03 273479                     /usr/lib/x86_64-linux-gnu/libffi.so.6.0.1
7f7322ed8000-7f7322ed9000 r--p 00006000 08:03 273479                     /usr/lib/x86_64-linux-gnu/libffi.so.6.0.1
7f7322ed9000-7f7322eda000 rw-p 00007000 08:03 273479                     /usr/lib/x86_64-linux-gnu/libffi.so.6.0.1
7f7322eda000-7f7322ef1000 r-xp 00000000 08:03 927541                     /lib/x86_64-linux-gnu/libresolv-2.19.so
7f7322ef1000-7f73230f1000 ---p 00017000 08:03 927541                     /lib/x86_64-linux-gnu/libresolv-2.19.so
7f73230f1000-7f73230f2000 r--p 00017000 08:03 927541                     /lib/x86_64-linux-gnu/libresolv-2.19.so
7f73230f2000-7f73230f3000 rw-p 00018000 08:03 927541                     /lib/x86_64-linux-gnu/libresolv-2.19.so
7f73230f3000-7f73230f5000 rw-p 00000000 00:00 0 
7f73230f5000-7f7323115000 r-xp 00000000 08:03 923551                     /lib/x86_64-linux-gnu/libselinux.so.1
7f7323115000-7f7323314000 ---p 00020000 08:03 923551                     /lib/x86_64-linux-gnu/libselinux.so.1
7f7323314000-7f7323315000 r--p 0001f000 08:03 923551                     /lib/x86_64-linux-gnu/libselinux.so.1
7f7323315000-7f7323316000 rw-p 00020000 08:03 923551                     /lib/x86_64-linux-gnu/libselinux.so.1
7f7323316000-7f7323318000 rw-p 00000000 00:00 0 
7f7323318000-7f732331b000 r-xp 00000000 08:03 273596                     /usr/lib/x86_64-linux-gnu/libgmodule-2.0.so.0.4000.0
7f732331b000-7f732351a000 ---p 00003000 08:03 273596                     /usr/lib/x86_64-linux-gnu/libgmodule-2.0.so.0.4000.0
7f732351a000-7f732351b000 r--p 00002000 08:03 273596                     /usr/lib/x86_64-linux-gnu/libgmodule-2.0.so.0.4000.0
7f732351b000-7f732351c000 rw-p 00003000 08:03 273596                     /usr/lib/x86_64-linux-gnu/libgmodule-2.0.so.0.4000.0
7f732351c000-7f7323622000 r-xp 00000000 08:03 923733                     /lib/x86_64-linux-gnu/libglib-2.0.so.0.4000.0
7f7323622000-7f7323821000 ---p 00106000 08:03 923733                     /lib/x86_64-linux-gnu/libglib-2.0.so.0.4000.0
7f7323821000-7f7323822000 r--p 00105000 08:03 923733                     /lib/x86_64-linux-gnu/libglib-2.0.so.0.4000.0
7f7323822000-7f7323823000 rw-p 00106000 08:03 923733                     /lib/x86_64-linux-gnu/libglib-2.0.so.0.4000.0
7f7323823000-7f7323824000 rw-p 00000000 00:00 0 
7f7323824000-7f7323873000 r-xp 00000000 08:03 273612                     /usr/lib/x86_64-linux-gnu/libgobject-2.0.so.0.4000.0
7f7323873000-7f7323a73000 ---p 0004f000 08:03 273612                     /usr/lib/x86_64-linux-gnu/libgobject-2.0.so.0.4000.0
7f7323a73000-7f7323a74000 r--p 0004f000 08:03 273612                     /usr/lib/x86_64-linux-gnu/libgobject-2.0.so.0.4000.0
7f7323a74000-7f7323a75000 rw-p 00050000 08:03 273612                     /usr/lib/x86_64-linux-gnu/libgobject-2.0.so.0.4000.0
7f7323a75000-7f7323be0000 r-xp 00000000 08:03 273582                     /usr/lib/x86_64-linux-gnu/libgio-2.0.so.0.4000.0
7f7323be0000-7f7323de0000 ---p 0016b000 08:03 273582                     /usr/lib/x86_64-linux-gnu/libgio-2.0.so.0.4000.0
7f7323de0000-7f7323de4000 r--p 0016b000 08:03 273582                     /usr/lib/x86_64-linux-gnu/libgio-2.0.so.0.4000.0
7f7323de4000-7f7323de6000 rw-p 0016f000 08:03 273582                     /usr/lib/x86_64-linux-gnu/libgio-2.0.so.0.4000.0
7f7323de6000-7f7323de8000 rw-p 00000000 00:00 0 
7f7323de8000-7f7323dfe000 r-xp 00000000 08:03 275130                     /usr/lib/jvm/java-7-openjdk-amd64/jre/lib/amd64/libnet.so
7f7323dfe000-7f7323ffe000 ---p 00016000 08:03 275130                     /usr/lib/jvm/java-7-openjdk-amd64/jre/lib/amd64/libnet.so
7f7323ffe000-7f7323fff000 r--p 00016000 08:03 275130                     /usr/lib/jvm/java-7-openjdk-amd64/jre/lib/amd64/libnet.so
7f7323fff000-7f7324000000 rw-p 00017000 08:03 275130                     /usr/lib/jvm/java-7-openjdk-amd64/jre/lib/amd64/libnet.so
7f7324000000-7f7324021000 rw-p 00000000 00:00 0 
7f7324021000-7f7328000000 ---p 00000000 00:00 0 
7f7328000000-7f7328021000 rw-p 00000000 00:00 0 
7f7328021000-7f732c000000 ---p 00000000 00:00 0 
7f732c000000-7f732c23c000 rw-p 00000000 00:00 0 
7f732c23c000-7f7330000000 ---p 00000000 00:00 0 
7f7330000000-7f7330021000 rw-p 00000000 00:00 0 
7f7330021000-7f7334000000 ---p 00000000 00:00 0 
7f73340f5000-7f73340f6000 rw-p 00000000 00:00 0 
7f73340f6000-7f73340ff000 r--s 000b9000 08:03 275080                     /usr/lib/jvm/java-7-openjdk-amd64/jre/lib/resources.jar
7f73340ff000-7f7334102000 r--s 00017000 08:03 275071                     /usr/lib/jvm/java-7-openjdk-amd64/jre/lib/jce.jar
7f7334102000-7f7334107000 r--s 0004c000 08:03 275099                     /usr/lib/jvm/java-7-openjdk-amd64/jre/lib/jsse.jar
7f7334107000-7f733410c000 r--s 00041000 08:03 418711                     /home/vju/.m2/repository/org/jacoco/org.jacoco.agent/0.7.1.201405082137/org.jacoco.agent-0.7.1.201405082137-runtime.jar
7f733410c000-7f733410e000 r--s 0000e000 08:03 1054040                    /home/vju/.m2/repository/org/apache/maven/surefire/surefire-junit4/2.17/surefire-junit4-2.17.jar
7f733410e000-7f733410f000 r--s 00000000 08:03 700953                     /home/vju/.m2/repository/net/jcip/jcip-annotations/1.0/jcip-annotations-1.0.jar
7f733410f000-7f7334112000 r--s 00025000 08:03 924214                     /home/vju/.m2/repository/commons-io/commons-io/2.1/commons-io-2.1.jar
7f7334112000-7f7334118000 r--s 00033000 08:03 805806                     /home/vju/.m2/repository/commons-codec/commons-codec/1.6/commons-codec-1.6.jar
7f7334118000-7f733411a000 r--s 00008000 08:03 547049                     /home/vju/.m2/repository/commons-logging/commons-logging/1.0.4/commons-logging-1.0.4.jar
7f733411a000-7f7334120000 r--s 00031000 08:03 145279                     /home/vju/.m2/repository/org/apache/httpcomponents/httpcore/4.2.1/httpcore-4.2.1.jar
7f7334120000-7f733412a000 r--s 0005f000 08:03 1088880                    /home/vju/.m2/repository/org/apache/httpcomponents/httpclient/4.2.1/httpclient-4.2.1.jar
7f733412a000-7f733412c000 r--s 0000f000 08:03 1083582                    /home/vju/.m2/repository/javax/activation/activation/1.1.1/activation-1.1.1.jar
7f733412c000-7f733412d000 r--s 00004000 08:03 1088879                    /home/vju/.m2/repository/org/jboss/spec/javax/annotation/jboss-annotations-api_1.1_spec/1.0.1.Final/jboss-annotations-api_1.1_spec-1.0.1.Final.jar
7f733412d000-7f7334131000 r--s 00017000 08:03 1088884                    /home/vju/.m2/repository/org/jboss/resteasy/jaxrs-api/3.0.6.Final/jaxrs-api-3.0.6.Final.jar
7f7334131000-7f7334141000 r--s 000b9000 08:03 133643                     /home/vju/.m2/repository/org/jboss/resteasy/resteasy-jaxrs/3.0.8.Final/resteasy-jaxrs-3.0.8.Final.jar
7f7334141000-7f7334149000 r--s 0007e000 08:03 665281                     /home/vju/.m2/repository/com/sun/mail/javax.mail/1.5.1/javax.mail-1.5.1.jar
7f7334149000-7f733417d000 r--s 001a4000 08:03 546867                     /home/vju/.m2/repository/javax/javaee-api/7.0/javaee-api-7.0.jar
7f733417d000-7f733417e000 r--s 00000000 08:03 1054067                    /home/vju/.m2/repository/org/wildfly/wildfly-build-config/8.1.0.Final/wildfly-build-config-8.1.0.Final.jar
7f733417e000-7f7334180000 r--s 00016000 08:03 1054069                    /home/vju/.m2/repository/org/jboss/xnio/xnio-nio/3.2.2.Final/xnio-nio-3.2.2.Final.jar
7f7334180000-7f7334189000 r--s 00070000 08:03 926238                     /home/vju/.m2/repository/org/jboss/xnio/xnio-api/3.2.2.Final/xnio-api-3.2.2.Final.jar
7f7334189000-7f733418c000 r--s 0000a000 08:03 1083538                    /home/vju/.m2/repository/org/jboss/spec/javax/jms/jboss-jms-api_2.0_spec/1.0.0.Final/jboss-jms-api_2.0_spec-1.0.0.Final.jar
7f733418c000-7f733418e000 r--s 00014000 08:03 1083536                    /home/vju/.m2/repository/org/jboss/sasl/jboss-sasl/1.0.4.Final/jboss-sasl-1.0.4.Final.jar
7f733418e000-7f7334193000 r--s 0003c000 08:03 926235                     /home/vju/.m2/repository/org/jboss/remoting/jboss-remoting/4.0.3.Final/jboss-remoting-4.0.3.Final.jar
7f7334193000-7f73341ad000 r--s 00155000 08:03 1083532                    /home/vju/.m2/repository/io/netty/netty-all/4.0.15.Final/netty-all-4.0.15.Final.jar
7f73341ad000-7f73341b0000 r--s 00012000 08:03 1059453                    /home/vju/.m2/repository/org/jboss/marshalling/jboss-marshalling-river/1.4.6.Final/jboss-marshalling-river-1.4.6.Final.jar
7f73341b0000-7f73341b5000 r--s 00030000 08:03 927360                     /home/vju/.m2/repository/org/jboss/marshalling/jboss-marshalling/1.4.6.Final/jboss-marshalling-1.4.6.Final.jar
7f73341b5000-7f73341bb000 r--s 00045000 08:03 1083520                    /home/vju/.m2/repository/org/jboss/jboss-ejb-client/2.0.0.Final/jboss-ejb-client-2.0.0.Final.jar
7f73341bb000-7f73341be000 ---p 00000000 00:00 0 
7f73341be000-7f73342bc000 rw-p 00000000 00:00 0                          [stack:22350]
7f73342bc000-7f7334b0e000 r--p 00000000 08:03 270875                     /usr/lib/locale/locale-archive
7f7334b0e000-7f7334b11000 ---p 00000000 00:00 0 
7f7334b11000-7f7334c0f000 rw-p 00000000 00:00 0                          [stack:22349]
7f7334c0f000-7f7334c12000 ---p 00000000 00:00 0 
7f7334c12000-7f7334d10000 rw-p 00000000 00:00 0                          [stack:22348]
7f7334d10000-7f7334d11000 ---p 00000000 00:00 0 
7f7334d11000-7f7338000000 rw-p 00000000 00:00 0                          [stack:22347]
7f7338000000-7f7338021000 rw-p 00000000 00:00 0 
7f7338021000-7f733c000000 ---p 00000000 00:00 0 
7f733c000000-7f733c021000 rw-p 00000000 00:00 0 
7f733c021000-7f7340000000 ---p 00000000 00:00 0 
7f7340000000-7f7340021000 rw-p 00000000 00:00 0 
7f7340021000-7f7344000000 ---p 00000000 00:00 0 
7f7344000000-7f7344002000 r--s 0000c000 08:03 1083522                    /home/vju/.m2/repository/org/jboss/logging/jboss-logging/3.1.4.GA/jboss-logging-3.1.4.GA.jar
7f7344002000-7f7344007000 r--s 00024000 08:03 927359                     /home/vju/.m2/repository/org/jboss/jboss-remote-naming/2.0.1.Final/jboss-remote-naming-2.0.1.Final.jar
7f7344007000-7f734400a000 r--s 0001f000 08:03 1083516                    /home/vju/.m2/repository/org/hornetq/hornetq-jms-client/2.4.1.Final/hornetq-jms-client-2.4.1.Final.jar
7f734400a000-7f734400e000 r--s 0002a000 08:03 1083512                    /home/vju/.m2/repository/org/hornetq/hornetq-journal/2.4.1.Final/hornetq-journal-2.4.1.Final.jar
7f734400e000-7f7344024000 r--s 001e6000 08:03 949731                     /home/vju/.m2/repository/org/jgroups/jgroups/3.3.4.Final/jgroups-3.3.4.Final.jar
7f7344024000-7f734402e000 r--s 00080000 08:03 1083510                    /home/vju/.m2/repository/org/hornetq/hornetq-core-client/2.4.1.Final/hornetq-core-client-2.4.1.Final.jar
7f734402e000-7f7344032000 r--s 00018000 08:03 1083508                    /home/vju/.m2/repository/org/hornetq/hornetq-commons/2.4.1.Final/hornetq-commons-2.4.1.Final.jar
7f7344032000-7f7344034000 r--s 00009000 08:03 949728                     /home/vju/.m2/repository/org/hamcrest/hamcrest-core/1.3/hamcrest-core-1.3.jar
7f7344034000-7f734403a000 r--s 00036000 08:03 949727                     /home/vju/.m2/repository/junit/junit/4.11/junit-4.11.jar
7f734403a000-7f734403c000 r--s 00007000 08:03 1081728                    /home/vju/.m2/repository/org/objenesis/objenesis/1.2/objenesis-1.2.jar
7f734403c000-7f7344042000 r--s 00049000 08:03 684622                     /home/vju/.m2/repository/cglib/cglib-nodep/2.2/cglib-nodep-2.2.jar
7f7344042000-7f7344045000 r--s 00019000 08:03 1081726                    /home/vju/.m2/repository/org/easymock/easymock/3.0/easymock-3.0.jar
7f7344045000-7f7344047000 r--s 00003000 08:03 1081725                    /home/vju/.m2/repository/org/slf4j/jcl-over-slf4j/1.6.6/jcl-over-slf4j-1.6.6.jar
7f7344047000-7f7344049000 r--s 00004000 08:03 1081724                    /home/vju/.m2/repository/org/slf4j/log4j-over-slf4j/1.6.6/log4j-over-slf4j-1.6.6.jar
7f7344049000-7f7344052000 r--s 0006d000 08:03 685709                     /home/vju/.m2/repository/log4j/log4j/1.2.16/log4j-1.2.16.jar
7f7344052000-7f734405b000 r--s 0002d000 08:03 952502                     /home/vju/.m2/repository/xml-apis/xml-apis/1.4.01/xml-apis-1.4.01.jar
7f734405b000-7f7344074000 r--s 00135000 08:03 685708                     /home/vju/.m2/repository/xerces/xercesImpl/2.11.0/xercesImpl-2.11.0.jar
7f7344074000-7f7344090000 r--s 00156000 08:03 701533                     /home/vju/.m2/repository/org/apache/jena/jena-core/2.11.2/jena-core-2.11.2.jar
7f7344090000-7f73440c2000 r--s 0026a000 08:03 701532                     /home/vju/.m2/repository/org/apache/jena/jena-arq/2.11.2/jena-arq-2.11.2.jar
7f73440c2000-7f734410b000 rw-p 00000000 00:00 0 
7f734410b000-7f73442b9000 r--s 01cfc000 08:03 275069                     /usr/lib/jvm/java-7-openjdk-amd64/jre/lib/rt.jar
7f73442b9000-7f73445b8000 rw-p 00000000 00:00 0 
7f73445b8000-7f73445b9000 ---p 00000000 00:00 0 
7f73445b9000-7f73446b9000 rw-p 00000000 00:00 0                          [stack:22346]
7f73446b9000-7f73446ba000 ---p 00000000 00:00 0 
7f73446ba000-7f73447ba000 rw-p 00000000 00:00 0                          [stack:22345]
7f73447ba000-7f73447bb000 ---p 00000000 00:00 0 
7f73447bb000-7f73448bb000 rw-p 00000000 00:00 0                          [stack:22344]
7f73448bb000-7f73448bc000 ---p 00000000 00:00 0 
7f73448bc000-7f73449c8000 rw-p 00000000 00:00 0                          [stack:22343]
7f73449c8000-7f7344a0f000 rw-p 00000000 00:00 0 
7f7344a0f000-7f7344a23000 rw-p 00000000 00:00 0 
7f7344a23000-7f7344b4b000 rw-p 00000000 00:00 0 
7f7344b4b000-7f7344b91000 rw-p 00000000 00:00 0 
7f7344b91000-7f7344bea000 rw-p 00000000 00:00 0 
7f7344bea000-7f7344beb000 rw-p 00000000 00:00 0 
7f7344beb000-7f7344e5b000 rwxp 00000000 00:00 0 
7f7344e5b000-7f7347beb000 rw-p 00000000 00:00 0 
7f7347beb000-7f7347bf3000 r-xp 00000000 08:03 275125                     /usr/lib/jvm/java-7-openjdk-amd64/jre/lib/amd64/libzip.so
7f7347bf3000-7f7347df2000 ---p 00008000 08:03 275125                     /usr/lib/jvm/java-7-openjdk-amd64/jre/lib/amd64/libzip.so
7f7347df2000-7f7347df3000 r--p 00007000 08:03 275125                     /usr/lib/jvm/java-7-openjdk-amd64/jre/lib/amd64/libzip.so
7f7347df3000-7f7347df4000 rw-p 00008000 08:03 275125                     /usr/lib/jvm/java-7-openjdk-amd64/jre/lib/amd64/libzip.so
7f7347df4000-7f7347dff000 r-xp 00000000 08:03 927561                     /lib/x86_64-linux-gnu/libnss_files-2.19.so
7f7347dff000-7f7347ffe000 ---p 0000b000 08:03 927561                     /lib/x86_64-linux-gnu/libnss_files-2.19.so
7f7347ffe000-7f7347fff000 r--p 0000a000 08:03 927561                     /lib/x86_64-linux-gnu/libnss_files-2.19.so
7f7347fff000-7f7348000000 rw-p 0000b000 08:03 927561                     /lib/x86_64-linux-gnu/libnss_files-2.19.so
7f7348000000-7f7348ad1000 rw-p 00000000 00:00 0 
7f7348ad1000-7f734c000000 ---p 00000000 00:00 0 
7f734c000000-7f734c001000 r--s 00000000 08:03 546864                     /home/vju/.m2/repository/javax/inject/javax.inject/1/javax.inject-1.jar
7f734c001000-7f734c003000 r--s 00001000 08:03 1081722                    /home/vju/.m2/repository/org/slf4j/slf4j-jdk14/1.6.6/slf4j-jdk14-1.6.6.jar
7f734c003000-7f734c005000 r--s 00001000 08:03 131912                     /home/vju/.m2/repository/org/slf4j/slf4j-log4j12/1.7.6/slf4j-log4j12-1.7.6.jar
7f734c005000-7f734c007000 r--s 00006000 08:03 1084196                    /home/vju/.m2/repository/org/slf4j/slf4j-api/1.7.6/slf4j-api-1.7.6.jar
7f734c007000-7f734c00a000 r--s 0001f000 08:03 811118                     /home/vju/.m2/repository/org/apache/jena/jena-iri/1.0.2/jena-iri-1.0.2.jar
7f734c00a000-7f734c00d000 r--s 0001a000 08:03 1084194                    /home/vju/.m2/repository/org/apache/httpcomponents/httpclient-cache/4.2.6/httpclient-cache-4.2.6.jar
7f734c00d000-7f734c00f000 r--s 00007000 08:03 952501                     /home/vju/.m2/repository/com/fasterxml/jackson/core/jackson-annotations/2.3.0/jackson-annotations-2.3.0.jar
7f734c00f000-7f734c020000 r--s 000cf000 08:03 952500                     /home/vju/.m2/repository/com/fasterxml/jackson/core/jackson-databind/2.3.3/jackson-databind-2.3.3.jar
7f734c020000-7f734c023000 r--s 0002e000 08:03 805808                     /home/vju/.m2/repository/com/fasterxml/jackson/core/jackson-core/2.3.3/jackson-core-2.3.3.jar
7f734c023000-7f734c025000 r--s 0001b000 08:03 805807                     /home/vju/.m2/repository/com/github/jsonld-java/jsonld-java/0.4/jsonld-java-0.4.jar
7f734c025000-7f734c030000 r--s 00081000 08:03 701534                     /home/vju/.m2/repository/org/apache/jena/jena-tdb/1.0.2/jena-tdb-1.0.2.jar
7f734c030000-7f734c032000 r--s 0000a000 08:03 805932                     /home/vju/.m2/repository/org/fiteagle/api/0.1-SNAPSHOT/api-0.1-SNAPSHOT.jar
7f734c032000-7f734c036000 r--s 00020000 08:03 1054027                    /home/vju/.m2/repository/org/apache/maven/surefire/surefire-api/2.17/surefire-api-2.17.jar
7f734c036000-7f734c042000 rw-p 00000000 00:00 0 
7f734c042000-7f734c089000 rw-p 00000000 00:00 0 
7f734c089000-7f734c09d000 rw-p 00000000 00:00 0 
7f734c09d000-7f734c1c6000 rw-p 00000000 00:00 0 
7f734c1c6000-7f734c1d1000 r-xp 00000000 08:03 927535                     /lib/x86_64-linux-gnu/libnss_nis-2.19.so
7f734c1d1000-7f734c3d0000 ---p 0000b000 08:03 927535                     /lib/x86_64-linux-gnu/libnss_nis-2.19.so
7f734c3d0000-7f734c3d1000 r--p 0000a000 08:03 927535                     /lib/x86_64-linux-gnu/libnss_nis-2.19.so
7f734c3d1000-7f734c3d2000 rw-p 0000b000 08:03 927535                     /lib/x86_64-linux-gnu/libnss_nis-2.19.so
7f734c3d2000-7f734c3e9000 r-xp 00000000 08:03 927563                     /lib/x86_64-linux-gnu/libnsl-2.19.so
7f734c3e9000-7f734c5e8000 ---p 00017000 08:03 927563                     /lib/x86_64-linux-gnu/libnsl-2.19.so
7f734c5e8000-7f734c5e9000 r--p 00016000 08:03 927563                     /lib/x86_64-linux-gnu/libnsl-2.19.so
7f734c5e9000-7f734c5ea000 rw-p 00017000 08:03 927563                     /lib/x86_64-linux-gnu/libnsl-2.19.so
7f734c5ea000-7f734c5ec000 rw-p 00000000 00:00 0 
7f734c5ec000-7f734c5f5000 r-xp 00000000 08:03 927556                     /lib/x86_64-linux-gnu/libnss_compat-2.19.so
7f734c5f5000-7f734c7f4000 ---p 00009000 08:03 927556                     /lib/x86_64-linux-gnu/libnss_compat-2.19.so
7f734c7f4000-7f734c7f5000 r--p 00008000 08:03 927556                     /lib/x86_64-linux-gnu/libnss_compat-2.19.so
7f734c7f5000-7f734c7f6000 rw-p 00009000 08:03 927556                     /lib/x86_64-linux-gnu/libnss_compat-2.19.so
7f734c7f6000-7f734c800000 r-xp 00000000 08:03 275124                     /usr/lib/jvm/java-7-openjdk-amd64/jre/lib/amd64/libinstrument.so
7f734c800000-7f734c9ff000 ---p 0000a000 08:03 275124                     /usr/lib/jvm/java-7-openjdk-amd64/jre/lib/amd64/libinstrument.so
7f734c9ff000-7f734ca00000 r--p 00009000 08:03 275124                     /usr/lib/jvm/java-7-openjdk-amd64/jre/lib/amd64/libinstrument.so
7f734ca00000-7f734ca01000 rw-p 0000a000 08:03 275124                     /usr/lib/jvm/java-7-openjdk-amd64/jre/lib/amd64/libinstrument.so
7f734ca01000-7f734ca2c000 r-xp 00000000 08:03 275121                     /usr/lib/jvm/java-7-openjdk-amd64/jre/lib/amd64/libjava.so
7f734ca2c000-7f734cc2b000 ---p 0002b000 08:03 275121                     /usr/lib/jvm/java-7-openjdk-amd64/jre/lib/amd64/libjava.so
7f734cc2b000-7f734cc2c000 r--p 0002a000 08:03 275121                     /usr/lib/jvm/java-7-openjdk-amd64/jre/lib/amd64/libjava.so
7f734cc2c000-7f734cc2e000 rw-p 0002b000 08:03 275121                     /usr/lib/jvm/java-7-openjdk-amd64/jre/lib/amd64/libjava.so
7f734cc2e000-7f734cc3e000 r-xp 00000000 08:03 275154                     /usr/lib/jvm/java-7-openjdk-amd64/jre/lib/amd64/libverify.so
7f734cc3e000-7f734ce3d000 ---p 00010000 08:03 275154                     /usr/lib/jvm/java-7-openjdk-amd64/jre/lib/amd64/libverify.so
7f734ce3d000-7f734ce3f000 r--p 0000f000 08:03 275154                     /usr/lib/jvm/java-7-openjdk-amd64/jre/lib/amd64/libverify.so
7f734ce3f000-7f734ce40000 rw-p 00011000 08:03 275154                     /usr/lib/jvm/java-7-openjdk-amd64/jre/lib/amd64/libverify.so
7f734ce40000-7f734ce47000 r-xp 00000000 08:03 927559                     /lib/x86_64-linux-gnu/librt-2.19.so
7f734ce47000-7f734d046000 ---p 00007000 08:03 927559                     /lib/x86_64-linux-gnu/librt-2.19.so
7f734d046000-7f734d047000 r--p 00006000 08:03 927559                     /lib/x86_64-linux-gnu/librt-2.19.so
7f734d047000-7f734d048000 rw-p 00007000 08:03 927559                     /lib/x86_64-linux-gnu/librt-2.19.so
7f734d048000-7f734d05e000 r-xp 00000000 08:03 923729                     /lib/x86_64-linux-gnu/libgcc_s.so.1
7f734d05e000-7f734d25d000 ---p 00016000 08:03 923729                     /lib/x86_64-linux-gnu/libgcc_s.so.1
7f734d25d000-7f734d25e000 rw-p 00015000 08:03 923729                     /lib/x86_64-linux-gnu/libgcc_s.so.1
7f734d25e000-7f734d363000 r-xp 00000000 08:03 927560                     /lib/x86_64-linux-gnu/libm-2.19.so
7f734d363000-7f734d562000 ---p 00105000 08:03 927560                     /lib/x86_64-linux-gnu/libm-2.19.so
7f734d562000-7f734d563000 r--p 00104000 08:03 927560                     /lib/x86_64-linux-gnu/libm-2.19.so
7f734d563000-7f734d564000 rw-p 00105000 08:03 927560                     /lib/x86_64-linux-gnu/libm-2.19.so
7f734d564000-7f734d64a000 r-xp 00000000 08:03 274107                     /usr/lib/x86_64-linux-gnu/libstdc++.so.6.0.19
7f734d64a000-7f734d849000 ---p 000e6000 08:03 274107                     /usr/lib/x86_64-linux-gnu/libstdc++.so.6.0.19
7f734d849000-7f734d851000 r--p 000e5000 08:03 274107                     /usr/lib/x86_64-linux-gnu/libstdc++.so.6.0.19
7f734d851000-7f734d853000 rw-p 000ed000 08:03 274107                     /usr/lib/x86_64-linux-gnu/libstdc++.so.6.0.19
7f734d853000-7f734d868000 rw-p 00000000 00:00 0 
7f734d868000-7f734e349000 r-xp 00000000 08:03 275136                     /usr/lib/jvm/java-7-openjdk-amd64/jre/lib/amd64/server/libjvm.so
7f734e349000-7f734e548000 ---p 00ae1000 08:03 275136                     /usr/lib/jvm/java-7-openjdk-amd64/jre/lib/amd64/server/libjvm.so
7f734e548000-7f734e5da000 r--p 00ae0000 08:03 275136                     /usr/lib/jvm/java-7-openjdk-amd64/jre/lib/amd64/server/libjvm.so
7f734e5da000-7f734e5fd000 rw-p 00b72000 08:03 275136                     /usr/lib/jvm/java-7-openjdk-amd64/jre/lib/amd64/server/libjvm.so
7f734e5fd000-7f734e62a000 rw-p 00000000 00:00 0 
7f734e62a000-7f734e642000 r-xp 00000000 08:03 923865                     /lib/x86_64-linux-gnu/libz.so.1.2.8
7f734e642000-7f734e841000 ---p 00018000 08:03 923865                     /lib/x86_64-linux-gnu/libz.so.1.2.8
7f734e841000-7f734e842000 r--p 00017000 08:03 923865                     /lib/x86_64-linux-gnu/libz.so.1.2.8
7f734e842000-7f734e843000 rw-p 00018000 08:03 923865                     /lib/x86_64-linux-gnu/libz.so.1.2.8
7f734e843000-7f734e85c000 r-xp 00000000 08:03 927566                     /lib/x86_64-linux-gnu/libpthread-2.19.so
7f734e85c000-7f734ea5b000 ---p 00019000 08:03 927566                     /lib/x86_64-linux-gnu/libpthread-2.19.so
7f734ea5b000-7f734ea5c000 r--p 00018000 08:03 927566                     /lib/x86_64-linux-gnu/libpthread-2.19.so
7f734ea5c000-7f734ea5d000 rw-p 00019000 08:03 927566                     /lib/x86_64-linux-gnu/libpthread-2.19.so
7f734ea5d000-7f734ea61000 rw-p 00000000 00:00 0 
7f734ea61000-7f734ea64000 r-xp 00000000 08:03 927551                     /lib/x86_64-linux-gnu/libdl-2.19.so
7f734ea64000-7f734ec63000 ---p 00003000 08:03 927551                     /lib/x86_64-linux-gnu/libdl-2.19.so
7f734ec63000-7f734ec64000 r--p 00002000 08:03 927551                     /lib/x86_64-linux-gnu/libdl-2.19.so
7f734ec64000-7f734ec65000 rw-p 00003000 08:03 927551                     /lib/x86_64-linux-gnu/libdl-2.19.so
7f734ec65000-7f734ee21000 r-xp 00000000 08:03 927564                     /lib/x86_64-linux-gnu/libc-2.19.so
7f734ee21000-7f734f020000 ---p 001bc000 08:03 927564                     /lib/x86_64-linux-gnu/libc-2.19.so
7f734f020000-7f734f024000 r--p 001bb000 08:03 927564                     /lib/x86_64-linux-gnu/libc-2.19.so
7f734f024000-7f734f026000 rw-p 001bf000 08:03 927564                     /lib/x86_64-linux-gnu/libc-2.19.so
7f734f026000-7f734f02b000 rw-p 00000000 00:00 0 
7f734f02b000-7f734f038000 r-xp 00000000 08:03 275147                     /usr/lib/jvm/java-7-openjdk-amd64/jre/lib/amd64/jli/libjli.so
7f734f038000-7f734f237000 ---p 0000d000 08:03 275147                     /usr/lib/jvm/java-7-openjdk-amd64/jre/lib/amd64/jli/libjli.so
7f734f237000-7f734f238000 r--p 0000c000 08:03 275147                     /usr/lib/jvm/java-7-openjdk-amd64/jre/lib/amd64/jli/libjli.so
7f734f238000-7f734f239000 rw-p 0000d000 08:03 275147                     /usr/lib/jvm/java-7-openjdk-amd64/jre/lib/amd64/jli/libjli.so
7f734f239000-7f734f25c000 r-xp 00000000 08:03 927549                     /lib/x86_64-linux-gnu/ld-2.19.so
7f734f25c000-7f734f25d000 r--s 00009000 08:03 1083514                    /home/vju/.m2/repository/org/hornetq/hornetq-native/2.4.1.Final/hornetq-native-2.4.1.Final.jar
7f734f25d000-7f734f25f000 r--s 00008000 08:03 1054026                    /home/vju/.m2/repository/org/apache/maven/surefire/surefire-booter/2.17/surefire-booter-2.17.jar
7f734f25f000-7f734f260000 r--s 00001000 08:03 437462                     /home/vju/workspace/FITeagle/core/repo/target/surefire/surefirebooter3675646949719425210.jar
7f734f260000-7f734f264000 r--s 0003b000 08:03 275077                     /usr/lib/jvm/java-7-openjdk-amd64/jre/lib/ext/sunpkcs11.jar
7f734f264000-7f734f265000 r--s 00002000 08:03 275078                     /usr/lib/jvm/java-7-openjdk-amd64/jre/lib/ext/dnsns.jar
7f734f265000-7f734f285000 rw-p 00000000 00:00 0 
7f734f285000-7f734f33b000 rw-p 00000000 00:00 0 
7f734f33b000-7f734f33e000 ---p 00000000 00:00 0 
7f734f33e000-7f734f441000 rw-p 00000000 00:00 0                          [stack:22342]
7f734f441000-7f734f444000 r--s 00032000 08:03 275075                     /usr/lib/jvm/java-7-openjdk-amd64/jre/lib/ext/sunjce_provider.jar
7f734f444000-7f734f446000 r--s 00006000 08:03 541875                     /usr/share/java/java-atk-wrapper.jar
7f734f446000-7f734f448000 r--s 00012000 08:03 275074                     /usr/lib/jvm/java-7-openjdk-amd64/jre/lib/ext/zipfs.jar
7f734f448000-7f734f44c000 r--s 00085000 08:03 275076                     /usr/lib/jvm/java-7-openjdk-amd64/jre/lib/ext/localedata.jar
7f734f44c000-7f734f44f000 r--s 0000f000 08:03 275073                     /usr/lib/jvm/java-7-openjdk-amd64/jre/lib/ext/pulse-java.jar
7f734f44f000-7f734f457000 rw-s 00000000 08:03 940854                     /tmp/hsperfdata_vju/22339
7f734f457000-7f734f458000 rw-p 00000000 00:00 0 
7f734f458000-7f734f459000 ---p 00000000 00:00 0 
7f734f459000-7f734f45b000 rw-p 00000000 00:00 0 
7f734f45b000-7f734f45c000 r--p 00022000 08:03 927549                     /lib/x86_64-linux-gnu/ld-2.19.so
7f734f45c000-7f734f45d000 rw-p 00023000 08:03 927549                     /lib/x86_64-linux-gnu/ld-2.19.so
7f734f45d000-7f734f45e000 rw-p 00000000 00:00 0 
7fff97ae5000-7fff97b06000 rw-p 00000000 00:00 0                          [stack]
7fff97b2e000-7fff97b30000 r-xp 00000000 00:00 0                          [vdso]
ffffffffff600000-ffffffffff601000 r-xp 00000000 00:00 0                  [vsyscall]

VM Arguments:
jvm_args: -javaagent:/home/vju/.m2/repository/org/jacoco/org.jacoco.agent/0.7.1.201405082137/org.jacoco.agent-0.7.1.201405082137-runtime.jar=destfile=/home/vju/workspace/FITeagle/core/repo/target/jacoco.exec 
java_command: /home/vju/workspace/FITeagle/core/repo/target/surefire/surefirebooter3675646949719425210.jar /home/vju/workspace/FITeagle/core/repo/target/surefire/surefire7055505339301973338tmp /home/vju/workspace/FITeagle/core/repo/target/surefire/surefire_03906483205322767875tmp
Launcher Type: SUN_STANDARD

Environment Variables:
JAVA_HOME=/usr/lib/jvm/java-7-openjdk-amd64
PATH=/usr/local/sbin:/usr/local/bin:/usr/sbin:/usr/bin:/sbin:/bin:/usr/games:/usr/local/games
SHELL=/bin/bash
DISPLAY=:0

Signal Handlers:
SIGSEGV: [libjvm.so+0x918620], sa_mask[0]=0x7ffbfeff, sa_flags=0x10000004
SIGBUS: [libjvm.so+0x918620], sa_mask[0]=0x7ffbfeff, sa_flags=0x10000004
SIGFPE: [libjvm.so+0x795e30], sa_mask[0]=0x7ffbfeff, sa_flags=0x10000004
SIGPIPE: [libjvm.so+0x795e30], sa_mask[0]=0x7ffbfeff, sa_flags=0x10000004
SIGXFSZ: [libjvm.so+0x795e30], sa_mask[0]=0x7ffbfeff, sa_flags=0x10000004
SIGILL: [libjvm.so+0x795e30], sa_mask[0]=0x7ffbfeff, sa_flags=0x10000004
SIGUSR1: SIG_DFL, sa_mask[0]=0x00000000, sa_flags=0x00000000
SIGUSR2: [libjvm.so+0x795cd0], sa_mask[0]=0x00000004, sa_flags=0x10000004
SIGHUP: [libjvm.so+0x795eb0], sa_mask[0]=0x7ffbfeff, sa_flags=0x10000004
SIGINT: [libjvm.so+0x795eb0], sa_mask[0]=0x7ffbfeff, sa_flags=0x10000004
SIGTERM: [libjvm.so+0x795eb0], sa_mask[0]=0x7ffbfeff, sa_flags=0x10000004
SIGQUIT: [libjvm.so+0x795eb0], sa_mask[0]=0x7ffbfeff, sa_flags=0x10000004


---------------  S Y S T E M  ---------------

OS:Ubuntu 14.04 (trusty)
uname:Linux 3.13.0-34-generic #60-Ubuntu SMP Wed Aug 13 15:45:27 UTC 2014 x86_64
libc:glibc 2.19 NPTL 2.19 
rlimit: STACK 8192k, CORE 0k, NPROC 30179, NOFILE 4096, AS infinity
load average:0,92 0,63 0,53

/proc/meminfo:
MemTotal:        3884548 kB
MemFree:           95104 kB
Buffers:            1548 kB
Cached:           452136 kB
SwapCached:        44508 kB
Active:          2575496 kB
Inactive:         890136 kB
Active(anon):    2551196 kB
Inactive(anon):   859732 kB
Active(file):      24300 kB
Inactive(file):    30404 kB
Unevictable:           0 kB
Mlocked:               0 kB
SwapTotal:       2997244 kB
SwapFree:              0 kB
Dirty:               896 kB
Writeback:           184 kB
AnonPages:       2971904 kB
Mapped:           128532 kB
Shmem:            398352 kB
Slab:              84000 kB
SReclaimable:      32588 kB
SUnreclaim:        51412 kB
KernelStack:        9312 kB
PageTables:        86856 kB
NFS_Unstable:          0 kB
Bounce:                0 kB
WritebackTmp:          0 kB
CommitLimit:     4939516 kB
Committed_AS:   13801644 kB
VmallocTotal:   34359738367 kB
VmallocUsed:      600016 kB
VmallocChunk:   34359077444 kB
HardwareCorrupted:     0 kB
AnonHugePages:   1210368 kB
HugePages_Total:       0
HugePages_Free:        0
HugePages_Rsvd:        0
HugePages_Surp:        0
Hugepagesize:       2048 kB
DirectMap4k:       74492 kB
DirectMap2M:     3954688 kB


CPU:total 4 (2 cores per cpu, 2 threads per core) family 6 model 58 stepping 9, cmov, cx8, fxsr, mmx, sse, sse2, sse3, ssse3, sse4.1, sse4.2, popcnt, avx, aes, erms, ht, tsc, tscinvbit, tscinv

/proc/cpuinfo:
processor	: 0
vendor_id	: GenuineIntel
cpu family	: 6
model		: 58
model name	: Intel(R) Core(TM) i5-3317U CPU @ 1.70GHz
stepping	: 9
microcode	: 0x12
cpu MHz		: 1701.000
cache size	: 3072 KB
physical id	: 0
siblings	: 4
core id		: 0
cpu cores	: 2
apicid		: 0
initial apicid	: 0
fpu		: yes
fpu_exception	: yes
cpuid level	: 13
wp		: yes
flags		: fpu vme de pse tsc msr pae mce cx8 apic sep mtrr pge mca cmov pat pse36 clflush dts acpi mmx fxsr sse sse2 ss ht tm pbe syscall nx rdtscp lm constant_tsc arch_perfmon pebs bts rep_good nopl xtopology nonstop_tsc aperfmperf eagerfpu pni pclmulqdq dtes64 monitor ds_cpl vmx est tm2 ssse3 cx16 xtpr pdcm pcid sse4_1 sse4_2 x2apic popcnt tsc_deadline_timer aes xsave avx f16c rdrand lahf_lm ida arat epb xsaveopt pln pts dtherm tpr_shadow vnmi flexpriority ept vpid fsgsbase smep erms
bogomips	: 3392.10
clflush size	: 64
cache_alignment	: 64
address sizes	: 36 bits physical, 48 bits virtual
power management:

processor	: 1
vendor_id	: GenuineIntel
cpu family	: 6
model		: 58
model name	: Intel(R) Core(TM) i5-3317U CPU @ 1.70GHz
stepping	: 9
microcode	: 0x12
cpu MHz		: 799.000
cache size	: 3072 KB
physical id	: 0
siblings	: 4
core id		: 0
cpu cores	: 2
apicid		: 1
initial apicid	: 1
fpu		: yes
fpu_exception	: yes
cpuid level	: 13
wp		: yes
flags		: fpu vme de pse tsc msr pae mce cx8 apic sep mtrr pge mca cmov pat pse36 clflush dts acpi mmx fxsr sse sse2 ss ht tm pbe syscall nx rdtscp lm constant_tsc arch_perfmon pebs bts rep_good nopl xtopology nonstop_tsc aperfmperf eagerfpu pni pclmulqdq dtes64 monitor ds_cpl vmx est tm2 ssse3 cx16 xtpr pdcm pcid sse4_1 sse4_2 x2apic popcnt tsc_deadline_timer aes xsave avx f16c rdrand lahf_lm ida arat epb xsaveopt pln pts dtherm tpr_shadow vnmi flexpriority ept vpid fsgsbase smep erms
bogomips	: 3392.10
clflush size	: 64
cache_alignment	: 64
address sizes	: 36 bits physical, 48 bits virtual
power management:

processor	: 2
vendor_id	: GenuineIntel
cpu family	: 6
model		: 58
model name	: Intel(R) Core(TM) i5-3317U CPU @ 1.70GHz
stepping	: 9
microcode	: 0x12
cpu MHz		: 1701.000
cache size	: 3072 KB
physical id	: 0
siblings	: 4
core id		: 1
cpu cores	: 2
apicid		: 2
initial apicid	: 2
fpu		: yes
fpu_exception	: yes
cpuid level	: 13
wp		: yes
flags		: fpu vme de pse tsc msr pae mce cx8 apic sep mtrr pge mca cmov pat pse36 clflush dts acpi mmx fxsr sse sse2 ss ht tm pbe syscall nx rdtscp lm constant_tsc arch_perfmon pebs bts rep_good nopl xtopology nonstop_tsc aperfmperf eagerfpu pni pclmulqdq dtes64 monitor ds_cpl vmx est tm2 ssse3 cx16 xtpr pdcm pcid sse4_1 sse4_2 x2apic popcnt tsc_deadline_timer aes xsave avx f16c rdrand lahf_lm ida arat epb xsaveopt pln pts dtherm tpr_shadow vnmi flexpriority ept vpid fsgsbase smep erms
bogomips	: 3392.10
clflush size	: 64
cache_alignment	: 64
address sizes	: 36 bits physical, 48 bits virtual
power management:

processor	: 3
vendor_id	: GenuineIntel
cpu family	: 6
model		: 58
model name	: Intel(R) Core(TM) i5-3317U CPU @ 1.70GHz
stepping	: 9
microcode	: 0x12
cpu MHz		: 1701.000
cache size	: 3072 KB
physical id	: 0
siblings	: 4
core id		: 1
cpu cores	: 2
apicid		: 3
initial apicid	: 3
fpu		: yes
fpu_exception	: yes
cpuid level	: 13
wp		: yes
flags		: fpu vme de pse tsc msr pae mce cx8 apic sep mtrr pge mca cmov pat pse36 clflush dts acpi mmx fxsr sse sse2 ss ht tm pbe syscall nx rdtscp lm constant_tsc arch_perfmon pebs bts rep_good nopl xtopology nonstop_tsc aperfmperf eagerfpu pni pclmulqdq dtes64 monitor ds_cpl vmx est tm2 ssse3 cx16 xtpr pdcm pcid sse4_1 sse4_2 x2apic popcnt tsc_deadline_timer aes xsave avx f16c rdrand lahf_lm ida arat epb xsaveopt pln pts dtherm tpr_shadow vnmi flexpriority ept vpid fsgsbase smep erms
bogomips	: 3392.10
clflush size	: 64
cache_alignment	: 64
address sizes	: 36 bits physical, 48 bits virtual
power management:



Memory: 4k page, physical 3884548k(94856k free), swap 2997244k(0k free)

vm_info: OpenJDK 64-Bit Server VM (24.51-b03) for linux-amd64 JRE (1.7.0_55-b14), built on Apr 17 2014 20:08:07 by "buildd" with gcc 4.8.2

time: Fri Sep 12 14:03:14 2014
elapsed time: 7 seconds

